Build started 9/17/2016 9:21:27 PM.
     1>Project "C:\Users\administrator\Documents\GitHub\Missile-Command\coolGameEngine\coolGameEngine\coolGameEngine.vcxproj" on node 2 (Build target(s)).
     1>ClCompile:
         C:\Program Files (x86)\Microsoft Visual Studio 12.0\VC\bin\CL.exe /c /I"C:\SFML-2.4.0\include" /ZI /nologo /W3 /WX- /sdl /Od /Oy- /D SFML_STATIC /D WIN32 /D _DEBUG /D _CONSOLE /D _LIB /D _UNICODE /D UNICODE /Gm /EHsc /RTC1 /MDd /GS /fp:precise /Zc:wchar_t /Zc:forScope /Fo"Debug\\" /Fd"Debug\vc120.pdb" /Gd /TP /analyze- /errorReport:prompt Property.cpp
         Property.cpp
     1>c:\users\administrator\documents\github\missile-command\coolgameengine\coolgameengine\property.cpp(43): warning C4018: '<' : signed/unsigned mismatch
     1>c:\users\administrator\documents\github\missile-command\coolgameengine\coolgameengine\property.cpp(48): warning C4018: '<' : signed/unsigned mismatch
     1>c:\users\administrator\documents\github\missile-command\coolgameengine\coolgameengine\property.cpp(53): warning C4018: '<' : signed/unsigned mismatch
     1>c:\users\administrator\documents\github\missile-command\coolgameengine\coolgameengine\property.cpp(58): warning C4018: '<' : signed/unsigned mismatch
     1>c:\users\administrator\documents\github\missile-command\coolgameengine\coolgameengine\property.cpp(63): warning C4018: '<' : signed/unsigned mismatch
     1>c:\users\administrator\documents\github\missile-command\coolgameengine\coolgameengine\property.cpp(68): warning C4018: '<' : signed/unsigned mismatch
     1>c:\users\administrator\documents\github\missile-command\coolgameengine\coolgameengine\property.cpp(73): warning C4018: '<' : signed/unsigned mismatch
     1>c:\users\administrator\documents\github\missile-command\coolgameengine\coolgameengine\property.cpp(78): warning C4018: '<' : signed/unsigned mismatch
     1>c:\users\administrator\documents\github\missile-command\coolgameengine\coolgameengine\property.cpp(83): warning C4018: '<' : signed/unsigned mismatch
     1>c:\users\administrator\documents\github\missile-command\coolgameengine\coolgameengine\property.cpp(87): warning C4018: '<' : signed/unsigned mismatch
     1>c:\users\administrator\documents\github\missile-command\coolgameengine\coolgameengine\property.cpp(92): warning C4018: '<' : signed/unsigned mismatch
     1>c:\users\administrator\documents\github\missile-command\coolgameengine\coolgameengine\property.cpp(268): warning C4244: 'argument' : conversion from 'int' to 'const float', possible loss of data
     1>c:\users\administrator\documents\github\missile-command\coolgameengine\coolgameengine\property.cpp(278): warning C4244: 'argument' : conversion from 'double' to 'const float', possible loss of data
     1>c:\users\administrator\documents\github\missile-command\coolgameengine\coolgameengine\property.cpp(406): warning C4244: 'argument' : conversion from 'int' to 'const float', possible loss of data
     1>c:\users\administrator\documents\github\missile-command\coolgameengine\coolgameengine\property.cpp(416): warning C4244: 'argument' : conversion from 'double' to 'const float', possible loss of data
     1>c:\users\administrator\documents\github\missile-command\coolgameengine\coolgameengine\property.cpp(556): warning C4018: '<' : signed/unsigned mismatch
     1>c:\users\administrator\documents\github\missile-command\coolgameengine\coolgameengine\property.cpp(569): warning C4018: '<' : signed/unsigned mismatch
     1>c:\users\administrator\documents\github\missile-command\coolgameengine\coolgameengine\property.cpp(582): warning C4018: '<' : signed/unsigned mismatch
     1>c:\users\administrator\documents\github\missile-command\coolgameengine\coolgameengine\property.cpp(595): warning C4018: '<' : signed/unsigned mismatch
     1>c:\users\administrator\documents\github\missile-command\coolgameengine\coolgameengine\property.cpp(608): warning C4018: '<' : signed/unsigned mismatch
     1>c:\users\administrator\documents\github\missile-command\coolgameengine\coolgameengine\property.cpp(621): warning C4018: '<' : signed/unsigned mismatch
     1>c:\users\administrator\documents\github\missile-command\coolgameengine\coolgameengine\property.cpp(634): warning C4018: '<' : signed/unsigned mismatch
     1>c:\users\administrator\documents\github\missile-command\coolgameengine\coolgameengine\property.cpp(647): warning C4018: '<' : signed/unsigned mismatch
     1>c:\users\administrator\documents\github\missile-command\coolgameengine\coolgameengine\property.cpp(660): warning C4018: '<' : signed/unsigned mismatch
     1>c:\users\administrator\documents\github\missile-command\coolgameengine\coolgameengine\property.cpp(673): warning C4018: '<' : signed/unsigned mismatch
     1>c:\users\administrator\documents\github\missile-command\coolgameengine\coolgameengine\property.cpp(686): warning C4018: '<' : signed/unsigned mismatch
     1>c:\users\administrator\documents\github\missile-command\coolgameengine\coolgameengine\property.cpp(699): warning C4018: '<' : signed/unsigned mismatch
     1>c:\users\administrator\documents\github\missile-command\coolgameengine\coolgameengine\property.cpp(712): warning C4018: '<' : signed/unsigned mismatch
     1>c:\users\administrator\documents\github\missile-command\coolgameengine\coolgameengine\property.cpp(725): warning C4018: '<' : signed/unsigned mismatch
     1>c:\users\administrator\documents\github\missile-command\coolgameengine\coolgameengine\property.cpp(738): warning C4018: '<' : signed/unsigned mismatch
     1>c:\users\administrator\documents\github\missile-command\coolgameengine\coolgameengine\property.cpp(751): warning C4018: '<' : signed/unsigned mismatch
     1>c:\users\administrator\documents\github\missile-command\coolgameengine\coolgameengine\property.cpp(764): warning C4018: '<' : signed/unsigned mismatch
     1>c:\users\administrator\documents\github\missile-command\coolgameengine\coolgameengine\property.cpp(793): warning C4018: '<' : signed/unsigned mismatch
     1>c:\users\administrator\documents\github\missile-command\coolgameengine\coolgameengine\property.cpp(800): warning C4018: '<' : signed/unsigned mismatch
     1>c:\users\administrator\documents\github\missile-command\coolgameengine\coolgameengine\property.cpp(807): warning C4018: '<' : signed/unsigned mismatch
     1>c:\users\administrator\documents\github\missile-command\coolgameengine\coolgameengine\property.cpp(814): warning C4018: '<' : signed/unsigned mismatch
     1>c:\users\administrator\documents\github\missile-command\coolgameengine\coolgameengine\property.cpp(821): warning C4018: '<' : signed/unsigned mismatch
     1>c:\users\administrator\documents\github\missile-command\coolgameengine\coolgameengine\property.cpp(828): warning C4018: '<' : signed/unsigned mismatch
     1>c:\users\administrator\documents\github\missile-command\coolgameengine\coolgameengine\property.cpp(835): warning C4018: '<' : signed/unsigned mismatch
     1>c:\users\administrator\documents\github\missile-command\coolgameengine\coolgameengine\property.cpp(842): warning C4018: '<' : signed/unsigned mismatch
     1>c:\users\administrator\documents\github\missile-command\coolgameengine\coolgameengine\property.cpp(849): warning C4018: '<' : signed/unsigned mismatch
     1>c:\users\administrator\documents\github\missile-command\coolgameengine\coolgameengine\property.cpp(856): warning C4018: '<' : signed/unsigned mismatch
     1>c:\users\administrator\documents\github\missile-command\coolgameengine\coolgameengine\property.cpp(863): warning C4018: '<' : signed/unsigned mismatch
     1>c:\users\administrator\documents\github\missile-command\coolgameengine\coolgameengine\property.cpp(870): warning C4018: '<' : signed/unsigned mismatch
     1>c:\users\administrator\documents\github\missile-command\coolgameengine\coolgameengine\property.cpp(877): warning C4018: '<' : signed/unsigned mismatch
     1>c:\users\administrator\documents\github\missile-command\coolgameengine\coolgameengine\property.cpp(884): warning C4018: '<' : signed/unsigned mismatch
     1>c:\users\administrator\documents\github\missile-command\coolgameengine\coolgameengine\property.cpp(891): warning C4018: '<' : signed/unsigned mismatch
     1>c:\users\administrator\documents\github\missile-command\coolgameengine\coolgameengine\property.cpp(898): warning C4018: '<' : signed/unsigned mismatch
     1>c:\users\administrator\documents\github\missile-command\coolgameengine\coolgameengine\property.cpp(905): warning C4018: '<' : signed/unsigned mismatch
     1>c:\users\administrator\documents\github\missile-command\coolgameengine\coolgameengine\property.cpp(912): warning C4018: '<' : signed/unsigned mismatch
     1>c:\users\administrator\documents\github\missile-command\coolgameengine\coolgameengine\property.cpp(924): warning C4018: '<' : signed/unsigned mismatch
     1>c:\users\administrator\documents\github\missile-command\coolgameengine\coolgameengine\property.cpp(943): warning C4018: '<' : signed/unsigned mismatch
     1>c:\users\administrator\documents\github\missile-command\coolgameengine\coolgameengine\property.cpp(953): warning C4018: '<' : signed/unsigned mismatch
     1>c:\users\administrator\documents\github\missile-command\coolgameengine\coolgameengine\property.cpp(963): warning C4018: '<' : signed/unsigned mismatch
     1>c:\users\administrator\documents\github\missile-command\coolgameengine\coolgameengine\property.cpp(973): warning C4018: '<' : signed/unsigned mismatch
     1>c:\users\administrator\documents\github\missile-command\coolgameengine\coolgameengine\property.cpp(983): warning C4018: '<' : signed/unsigned mismatch
     1>c:\users\administrator\documents\github\missile-command\coolgameengine\coolgameengine\property.cpp(993): warning C4018: '<' : signed/unsigned mismatch
     1>c:\users\administrator\documents\github\missile-command\coolgameengine\coolgameengine\property.cpp(1003): warning C4018: '<' : signed/unsigned mismatch
     1>c:\users\administrator\documents\github\missile-command\coolgameengine\coolgameengine\property.cpp(1013): warning C4018: '<' : signed/unsigned mismatch
     1>c:\users\administrator\documents\github\missile-command\coolgameengine\coolgameengine\property.cpp(1023): warning C4018: '<' : signed/unsigned mismatch
     1>c:\users\administrator\documents\github\missile-command\coolgameengine\coolgameengine\property.cpp(1033): warning C4018: '<' : signed/unsigned mismatch
     1>c:\users\administrator\documents\github\missile-command\coolgameengine\coolgameengine\property.cpp(1043): warning C4018: '<' : signed/unsigned mismatch
     1>c:\users\administrator\documents\github\missile-command\coolgameengine\coolgameengine\property.cpp(1053): warning C4018: '<' : signed/unsigned mismatch
     1>c:\users\administrator\documents\github\missile-command\coolgameengine\coolgameengine\property.cpp(1063): warning C4018: '<' : signed/unsigned mismatch
     1>c:\users\administrator\documents\github\missile-command\coolgameengine\coolgameengine\property.cpp(1073): warning C4018: '<' : signed/unsigned mismatch
     1>c:\users\administrator\documents\github\missile-command\coolgameengine\coolgameengine\property.cpp(1083): warning C4018: '<' : signed/unsigned mismatch
     1>c:\users\administrator\documents\github\missile-command\coolgameengine\coolgameengine\property.cpp(1093): warning C4018: '<' : signed/unsigned mismatch
     1>c:\users\administrator\documents\github\missile-command\coolgameengine\coolgameengine\property.cpp(1103): warning C4018: '<' : signed/unsigned mismatch
     1>c:\users\administrator\documents\github\missile-command\coolgameengine\coolgameengine\property.cpp(138): warning C4715: 'Property::getDataInt' : not all control paths return a value
     1>c:\users\administrator\documents\github\missile-command\coolgameengine\coolgameengine\property.cpp(152): warning C4715: 'Property::getDataFloat' : not all control paths return a value
     1>c:\users\administrator\documents\github\missile-command\coolgameengine\coolgameengine\property.cpp(145): warning C4715: 'Property::getDataDouble' : not all control paths return a value
     1>c:\users\administrator\documents\github\missile-command\coolgameengine\coolgameengine\property.cpp(159): warning C4715: 'Property::getDataChar' : not all control paths return a value
     1>c:\users\administrator\documents\github\missile-command\coolgameengine\coolgameengine\property.cpp(166): warning C4715: 'Property::getDataBool' : not all control paths return a value
     1>c:\users\administrator\documents\github\missile-command\coolgameengine\coolgameengine\property.cpp(173): warning C4715: 'Property::getDataString' : not all control paths return a value
     1>c:\users\administrator\documents\github\missile-command\coolgameengine\coolgameengine\property.cpp(180): warning C4715: 'Property::getDataImage' : not all control paths return a value
     1>c:\users\administrator\documents\github\missile-command\coolgameengine\coolgameengine\property.cpp(194): warning C4715: 'Property::getDataSprite' : not all control paths return a value
     1>c:\users\administrator\documents\github\missile-command\coolgameengine\coolgameengine\property.cpp(201): warning C4715: 'Property::getDataCircleShape' : not all control paths return a value
     1>c:\users\administrator\documents\github\missile-command\coolgameengine\coolgameengine\property.cpp(208): warning C4715: 'Property::getDataConvexShape' : not all control paths return a value
     1>c:\users\administrator\documents\github\missile-command\coolgameengine\coolgameengine\property.cpp(215): warning C4715: 'Property::getDataRectangleShape' : not all control paths return a value
     1>c:\users\administrator\documents\github\missile-command\coolgameengine\coolgameengine\property.cpp(222): warning C4715: 'Property::getDataText' : not all control paths return a value
     1>c:\users\administrator\documents\github\missile-command\coolgameengine\coolgameengine\property.cpp(229): warning C4715: 'Property::getDataEntity' : not all control paths return a value
     1>c:\users\administrator\documents\github\missile-command\coolgameengine\coolgameengine\property.cpp(236): warning C4715: 'Property::getDataSound' : not all control paths return a value
     1>c:\users\administrator\documents\github\missile-command\coolgameengine\coolgameengine\property.cpp(243): warning C4715: 'Property::getDataSoundBuffer' : not all control paths return a value
     1>c:\users\administrator\documents\github\missile-command\coolgameengine\coolgameengine\property.cpp(250): warning C4715: 'Property::getDataColor' : not all control paths return a value
     1>c:\users\administrator\documents\github\missile-command\coolgameengine\coolgameengine\property.cpp(257): warning C4715: 'Property::getDataLine' : not all control paths return a value
     1>c:\users\administrator\documents\github\missile-command\coolgameengine\coolgameengine\property.cpp(187): warning C4715: 'Property::getDataTexture' : not all control paths return a value
       Link:
         C:\Program Files (x86)\Microsoft Visual Studio 12.0\VC\bin\link.exe /ERRORREPORT:PROMPT /OUT:"C:\Users\administrator\Documents\GitHub\Missile-Command\coolGameEngine\Debug\coolGameEngine.exe" /INCREMENTAL /NOLOGO /LIBPATH:"C:\SFML-2.4.0\lib" openal32.lib ws2_32.lib ogg.lib vorbis.lib vorbisfile.lib vorbisenc.lib flac.lib gdi32.lib winmm.lib jpeg.lib freetype.lib opengl32.lib "sfml-graphics-s-d.lib" "sfml-window-s-d.lib" "sfml-system-s-d.lib" "sfml-audio-s-d.lib" "sfml-network-s-d.lib" kernel32.lib user32.lib gdi32.lib winspool.lib comdlg32.lib advapi32.lib shell32.lib ole32.lib oleaut32.lib uuid.lib odbc32.lib odbccp32.lib /MANIFEST /MANIFESTUAC:"level='asInvoker' uiAccess='false'" /manifest:embed /DEBUG /PDB:"C:\Users\administrator\Documents\GitHub\Missile-Command\coolGameEngine\Debug\coolGameEngine.pdb" /SUBSYSTEM:CONSOLE /TLBID:1 /DYNAMICBASE /NXCOMPAT /IMPLIB:"C:\Users\administrator\Documents\GitHub\Missile-Command\coolGameEngine\Debug\coolGameEngine.lib" /MACHINE:X86 Debug\coolGameEngine.res
         Debug\AssetManager.obj
         Debug\BaseState.obj
         Debug\coolGameEngine.obj
         Debug\CrossHairs.obj
         Debug\Entity.obj
         Debug\Game.obj
         Debug\LevelChange.obj
         Debug\main.obj
         Debug\MissileChecker.obj
         Debug\MissileExploder.obj
         Debug\MissileLauncher.obj
         Debug\MissileLauncherAi.obj
         Debug\Plane.obj
         Debug\Property.obj
         Debug\Render.obj
         Debug\ScoreKeeper.obj
         Debug\SmartBombControl.obj
         Debug\StateDebug.obj
         Debug\StateReInit.obj
         Debug\StateLevel.obj
         Debug\StateLoading.obj
         Debug\StateMenu.obj
         Debug\StateStatic.obj
         Debug\stdafx.obj
         Debug\SystemManager.obj
         coolGameEngine.vcxproj -> C:\Users\administrator\Documents\GitHub\Missile-Command\coolGameEngine\Debug\coolGameEngine.exe
     1>Done Building Project "C:\Users\administrator\Documents\GitHub\Missile-Command\coolGameEngine\coolGameEngine\coolGameEngine.vcxproj" (Build target(s)).

Build succeeded.

Time Elapsed 00:00:02.32
