Build started 11/3/2016 3:59:42 PM.
     1>Project "C:\Users\17WBE01\Documents\GitHub\Missile-Command\Collision Detection\collisionDetection\collisionDetection\collisionDetection.vcxproj" on node 2 (Build target(s)).
     1>ClCompile:
         C:\Program Files (x86)\Microsoft Visual Studio 12.0\VC\bin\CL.exe /c /ZI /nologo /W3 /WX- /sdl /Od /Oy- /D WIN32 /D _DEBUG /D _CONSOLE /D _LIB /D _UNICODE /D UNICODE /Gm /EHsc /RTC1 /MDd /GS /fp:precise /Zc:wchar_t /Zc:forScope /Yu"stdafx.h" /Fp"Debug\collisionDetection.pch" /Fo"Debug\\" /Fd"Debug\vc120.pdb" /Gd /TP /analyze- /errorReport:prompt collisionDetection.cpp
         collisionDetection.cpp
     1>c:\users\17wbe01\documents\github\missile-command\collision detection\collisiondetection\collisiondetection\collisiondetection.cpp(42): warning C4018: '<' : signed/unsigned mismatch
     1>c:\users\17wbe01\documents\github\missile-command\collision detection\collisiondetection\collisiondetection\collisiondetection.cpp(48): warning C4018: '<' : signed/unsigned mismatch
     1>c:\users\17wbe01\documents\github\missile-command\collision detection\collisiondetection\collisiondetection\collisiondetection.cpp(62): warning C4018: '<' : signed/unsigned mismatch
     1>c:\users\17wbe01\documents\github\missile-command\collision detection\collisiondetection\collisiondetection\collisiondetection.cpp(83): warning C4018: '<' : signed/unsigned mismatch
     1>c:\users\17wbe01\documents\github\missile-command\collision detection\collisiondetection\collisiondetection\collisiondetection.cpp(93): warning C4018: '<' : signed/unsigned mismatch
     1>c:\users\17wbe01\documents\github\missile-command\collision detection\collisiondetection\collisiondetection\collisiondetection.cpp(114): warning C4018: '<' : signed/unsigned mismatch
     1>c:\users\17wbe01\documents\github\missile-command\collision detection\collisiondetection\collisiondetection\collisiondetection.cpp(122): warning C4018: '<' : signed/unsigned mismatch
     1>c:\users\17wbe01\documents\github\missile-command\collision detection\collisiondetection\collisiondetection\collisiondetection.cpp(124): warning C4018: '<' : signed/unsigned mismatch
     1>c:\users\17wbe01\documents\github\missile-command\collision detection\collisiondetection\collisiondetection\collisiondetection.cpp(191): warning C4018: '<' : signed/unsigned mismatch
     1>c:\users\17wbe01\documents\github\missile-command\collision detection\collisiondetection\collisiondetection\collisiondetection.cpp(212): warning C4018: '<' : signed/unsigned mismatch
     1>c:\users\17wbe01\documents\github\missile-command\collision detection\collisiondetection\collisiondetection\collisiondetection.cpp(218): warning C4018: '<' : signed/unsigned mismatch
     1>c:\users\17wbe01\documents\github\missile-command\collision detection\collisiondetection\collisiondetection\collisiondetection.cpp(229): warning C4018: '<' : signed/unsigned mismatch
     1>c:\users\17wbe01\documents\github\missile-command\collision detection\collisiondetection\collisiondetection\collisiondetection.cpp(344): warning C4018: '<' : signed/unsigned mismatch
     1>c:\users\17wbe01\documents\github\missile-command\collision detection\collisiondetection\collisiondetection\collisiondetection.cpp(350): warning C4018: '<' : signed/unsigned mismatch
     1>c:\users\17wbe01\documents\github\missile-command\collision detection\collisiondetection\collisiondetection\collisiondetection.cpp(435): warning C4018: '<' : signed/unsigned mismatch
     1>c:\users\17wbe01\documents\github\missile-command\collision detection\collisiondetection\collisiondetection\collisiondetection.cpp(441): warning C4018: '<' : signed/unsigned mismatch
     1>c:\users\17wbe01\documents\github\missile-command\collision detection\collisiondetection\collisiondetection\collisiondetection.cpp(459): warning C4018: '<' : signed/unsigned mismatch
     1>c:\users\17wbe01\documents\github\missile-command\collision detection\collisiondetection\collisiondetection\collisiondetection.cpp(479): warning C4018: '<' : signed/unsigned mismatch
       Link:
         C:\Program Files (x86)\Microsoft Visual Studio 12.0\VC\bin\link.exe /ERRORREPORT:PROMPT /OUT:"C:\Users\17WBE01\Documents\GitHub\Missile-Command\Collision Detection\collisionDetection\Debug\collisionDetection.exe" /INCREMENTAL /NOLOGO kernel32.lib user32.lib gdi32.lib winspool.lib comdlg32.lib advapi32.lib shell32.lib ole32.lib oleaut32.lib uuid.lib odbc32.lib odbccp32.lib /MANIFEST /MANIFESTUAC:"level='asInvoker' uiAccess='false'" /manifest:embed /DEBUG /PDB:"C:\Users\17WBE01\Documents\GitHub\Missile-Command\Collision Detection\collisionDetection\Debug\collisionDetection.pdb" /SUBSYSTEM:CONSOLE /TLBID:1 /DYNAMICBASE /NXCOMPAT /IMPLIB:"C:\Users\17WBE01\Documents\GitHub\Missile-Command\Collision Detection\collisionDetection\Debug\collisionDetection.lib" /MACHINE:X86 Debug\collisionDetection.obj
         Debug\stdafx.obj
         collisionDetection.vcxproj -> C:\Users\17WBE01\Documents\GitHub\Missile-Command\Collision Detection\collisionDetection\Debug\collisionDetection.exe
     1>Done Building Project "C:\Users\17WBE01\Documents\GitHub\Missile-Command\Collision Detection\collisionDetection\collisionDetection\collisionDetection.vcxproj" (Build target(s)).

Build succeeded.

Time Elapsed 00:00:01.63
